d:\data\coding\c++\gui (th)\gui_praktikum\tutorial(dustin)\tutorial(dustin)\debug\vc141.pdb
d:\data\coding\c++\gui (th)\gui_praktikum\tutorial(dustin)\tutorial(dustin)\debug\vc141.idb
d:\data\coding\c++\gui (th)\gui_praktikum\tutorial(dustin)\tutorial(dustin)\debug\messagebox.obj
d:\data\coding\c++\gui (th)\gui_praktikum\tutorial(dustin)\tutorial(dustin)\debug\fenster.obj
d:\data\coding\c++\gui (th)\gui_praktikum\tutorial(dustin)\tutorial(dustin)\debug\fenster_und_konsole.obj
d:\data\coding\c++\gui (th)\gui_praktikum\tutorial(dustin)\debug\tutorial(dustin).pdb
d:\data\coding\c++\gui (th)\gui_praktikum\tutorial(dustin)\tutorial(dustin)\debug\tutorial(dustin).tlog\cl.command.1.tlog
d:\data\coding\c++\gui (th)\gui_praktikum\tutorial(dustin)\tutorial(dustin)\debug\tutorial(dustin).tlog\cl.read.1.tlog
d:\data\coding\c++\gui (th)\gui_praktikum\tutorial(dustin)\tutorial(dustin)\debug\tutorial(dustin).tlog\cl.write.1.tlog
d:\data\coding\c++\gui (th)\gui_praktikum\tutorial(dustin)\tutorial(dustin)\debug\tutorial(dustin).tlog\link-cvtres.read.1.tlog
d:\data\coding\c++\gui (th)\gui_praktikum\tutorial(dustin)\tutorial(dustin)\debug\tutorial(dustin).tlog\link-cvtres.write.1.tlog
d:\data\coding\c++\gui (th)\gui_praktikum\tutorial(dustin)\tutorial(dustin)\debug\tutorial(dustin).tlog\link-rc.read.1.tlog
d:\data\coding\c++\gui (th)\gui_praktikum\tutorial(dustin)\tutorial(dustin)\debug\tutorial(dustin).tlog\link-rc.write.1.tlog
d:\data\coding\c++\gui (th)\gui_praktikum\tutorial(dustin)\tutorial(dustin)\debug\tutorial(dustin).tlog\link.2192-cvtres.read.1.tlog
d:\data\coding\c++\gui (th)\gui_praktikum\tutorial(dustin)\tutorial(dustin)\debug\tutorial(dustin).tlog\link.2192-cvtres.write.1.tlog
d:\data\coding\c++\gui (th)\gui_praktikum\tutorial(dustin)\tutorial(dustin)\debug\tutorial(dustin).tlog\link.2192-rc.read.1.tlog
d:\data\coding\c++\gui (th)\gui_praktikum\tutorial(dustin)\tutorial(dustin)\debug\tutorial(dustin).tlog\link.2192-rc.write.1.tlog
d:\data\coding\c++\gui (th)\gui_praktikum\tutorial(dustin)\tutorial(dustin)\debug\tutorial(dustin).tlog\link.2192.read.1.tlog
d:\data\coding\c++\gui (th)\gui_praktikum\tutorial(dustin)\tutorial(dustin)\debug\tutorial(dustin).tlog\link.2192.write.1.tlog
d:\data\coding\c++\gui (th)\gui_praktikum\tutorial(dustin)\tutorial(dustin)\debug\tutorial(dustin).tlog\link.command.1.tlog
d:\data\coding\c++\gui (th)\gui_praktikum\tutorial(dustin)\tutorial(dustin)\debug\tutorial(dustin).tlog\link.read.1.tlog
d:\data\coding\c++\gui (th)\gui_praktikum\tutorial(dustin)\tutorial(dustin)\debug\tutorial(dustin).tlog\link.write.1.tlog
